<?xml version="1.0" encoding="UTF-8"?>
<!-- Generated by org.testng.reporters.JUnitReportReporter -->
<testsuite hostname="DESKTOP-7RSL3B7" failures="0" tests="1" name="com.crm.github.practice.Demo1" time="0.006" errors="0" timestamp="2021-12-09T15:32:14 IST" skipped="0">
  <testcase classname="com.crm.github.practice.Demo1" name="demo1" time="0.006"/>
  <system-out/>
</testsuite> <!-- com.crm.github.practice.Demo1 -->
